<?xml version="1.0" encoding="UTF-8"?>
<!-- Generated by org.testng.reporters.JUnitXMLReporter -->
<testsuite ignored="8" hostname="DESKTOP-UMRB9U3" failures="0" tests="8" name="Nopackage" time="12.315" errors="0" timestamp="2024-12-09T10:25:32 IST">
  <testcase classname="Test.LunchPageTest" name="launchScreenTitleTest" time="0.047"/>
  <testcase classname="Test.LunchPageTest" name="launchScreenMyAccountDropdownOptionsTitleTest" time="0.202"/>
  <testcase classname="Test.LunchPageTest" name="loginScreenNavigationTest" time="0.582"/>
  <testcase classname="Test.LoginPageTest" name="loginTest" time="1.281"/>
  <testcase classname="Test.MyAccountScreenTest" name="myAccountSectionLinksTitleTest" time="0.348"/>
  <testcase classname="Test.MyAccountScreenTest" name="profileScreenToHomeScreenNavigationTest" time="0.631"/>
  <testcase classname="Test.HomeScreenTest" name="navigationTestToProductDetailsPage" time="1.273"/>
  <testcase classname="Test.ProductDetailsTest" name="productImageLinksStatusCodeTest" time="2.418"/>
  <testcase classname="Test.BaseTest" name="@BeforeTest lunchTheBrowser" time="0.0">
    <ignored/>
  </testcase> <!-- @BeforeTest lunchTheBrowser -->
  <testcase classname="Test.BaseTest" name="@AfterTest quitBrowser" time="0.0">
    <ignored/>
  </testcase> <!-- @AfterTest quitBrowser -->
  <testcase classname="Test.BaseTest" name="@AfterTest quitBrowser" time="0.0">
    <ignored/>
  </testcase> <!-- @AfterTest quitBrowser -->
  <testcase classname="Test.BaseTest" name="@BeforeTest lunchTheBrowser" time="0.0">
    <ignored/>
  </testcase> <!-- @BeforeTest lunchTheBrowser -->
  <testcase classname="Test.BaseTest" name="@BeforeTest lunchTheBrowser" time="0.0">
    <ignored/>
  </testcase> <!-- @BeforeTest lunchTheBrowser -->
  <testcase classname="Test.BaseTest" name="@AfterTest quitBrowser" time="0.0">
    <ignored/>
  </testcase> <!-- @AfterTest quitBrowser -->
  <testcase classname="Test.BaseTest" name="@AfterTest quitBrowser" time="0.0">
    <ignored/>
  </testcase> <!-- @AfterTest quitBrowser -->
  <testcase classname="Test.BaseTest" name="@BeforeTest lunchTheBrowser" time="0.0">
    <ignored/>
  </testcase> <!-- @BeforeTest lunchTheBrowser -->
</testsuite> <!-- Nopackage -->
