<?xml version="1.0" encoding="UTF-8"?>
<!-- Generated by org.testng.reporters.JUnitXMLReporter -->
<testsuite ignored="8" hostname="DESKTOP-UMRB9U3" failures="0" tests="12" name="Selenium Chrome test" time="10.838" errors="0" timestamp="2025-05-31T21:19:50 IST">
  <testcase classname="Test.LunchPageTest" name="launchScreenTitleTest" time="0.058"/>
  <testcase classname="Test.LunchPageTest" name="isCurrencyDropdownShown" time="0.035"/>
  <testcase classname="Test.LunchPageTest" name="isCurrenciesAreShown" time="0.342"/>
  <testcase classname="Test.LunchPageTest" name="isTopItemsAreShown" time="0.095"/>
  <testcase classname="Test.LunchPageTest" name="gadgetsAreShown" time="0.116"/>
  <testcase classname="Test.LunchPageTest" name="launchScreenMyAccountDropdownOptionsTitleTest" time="0.169"/>
  <testcase classname="Test.LunchPageTest" name="loginScreenNavigationTest" time="0.383"/>
  <testcase classname="Test.LoginPageTest" name="loginTest" time="0.761"/>
  <testcase classname="Test.MyAccountScreenTest" name="myAccountSectionLinksTitleTest" time="0.328"/>
  <testcase classname="Test.MyAccountScreenTest" name="profileScreenToHomeScreenNavigationTest" time="0.377"/>
  <testcase classname="Test.HomeScreenTest" name="navigationTestToProductDetailsPage" time="0.572"/>
  <testcase classname="Test.ProductDetailsTest" name="productImageLinksStatusCodeTest" time="2.933"/>
  <testcase classname="Test.BaseTest" name="@BeforeTest launchBrowser" time="0.0">
    <ignored/>
  </testcase> <!-- @BeforeTest launchBrowser -->
  <testcase classname="Test.BaseTest" name="@BeforeTest launchBrowser" time="0.0">
    <ignored/>
  </testcase> <!-- @BeforeTest launchBrowser -->
  <testcase classname="Test.BaseTest" name="@BeforeTest launchBrowser" time="0.0">
    <ignored/>
  </testcase> <!-- @BeforeTest launchBrowser -->
  <testcase classname="Test.BaseTest" name="@AfterTest tearDown" time="0.0">
    <ignored/>
  </testcase> <!-- @AfterTest tearDown -->
  <testcase classname="Test.BaseTest" name="@AfterTest tearDown" time="0.0">
    <ignored/>
  </testcase> <!-- @AfterTest tearDown -->
  <testcase classname="Test.BaseTest" name="@AfterTest tearDown" time="0.0">
    <ignored/>
  </testcase> <!-- @AfterTest tearDown -->
  <testcase classname="Test.BaseTest" name="@BeforeTest launchBrowser" time="0.0">
    <ignored/>
  </testcase> <!-- @BeforeTest launchBrowser -->
  <testcase classname="Test.BaseTest" name="@AfterTest tearDown" time="0.0">
    <ignored/>
  </testcase> <!-- @AfterTest tearDown -->
</testsuite> <!-- Selenium Chrome test -->
