<?xml version="1.0" encoding="UTF-8"?>
<!-- Generated by org.testng.reporters.JUnitXMLReporter -->
<testsuite ignored="8" hostname="DESKTOP-UMRB9U3" failures="0" tests="12" name="Selenium firefox test" time="18.003" errors="0" timestamp="2025-06-07T11:18:12 IST">
  <testcase classname="Test.LunchPageTest" name="launchScreenTitleTest" time="0.0"/>
  <testcase classname="Test.LunchPageTest" name="isCurrencyDropdownShown" time="0.031"/>
  <testcase classname="Test.LunchPageTest" name="isCurrenciesAreShown" time="0.644"/>
  <testcase classname="Test.LunchPageTest" name="isTopItemsAreShown" time="0.089"/>
  <testcase classname="Test.LunchPageTest" name="gadgetsAreShown" time="0.088"/>
  <testcase classname="Test.LunchPageTest" name="launchScreenMyAccountDropdownOptionsTitleTest" time="0.286"/>
  <testcase classname="Test.LunchPageTest" name="loginScreenNavigationTest" time="0.542"/>
  <testcase classname="Test.LoginPageTest" name="loginTest" time="0.999"/>
  <testcase classname="Test.MyAccountScreenTest" name="myAccountSectionLinksTitleTest" time="0.238"/>
  <testcase classname="Test.MyAccountScreenTest" name="profileScreenToHomeScreenNavigationTest" time="0.503"/>
  <testcase classname="Test.HomeScreenTest" name="navigationTestToProductDetailsPage" time="1.016"/>
  <testcase classname="Test.ProductDetailsTest" name="productImageLinksStatusCodeTest" time="1.874"/>
  <testcase classname="Test.BaseTest" name="@AfterTest tearDown" time="0.0">
    <ignored/>
  </testcase> <!-- @AfterTest tearDown -->
  <testcase classname="Test.BaseTest" name="@AfterTest tearDown" time="0.0">
    <ignored/>
  </testcase> <!-- @AfterTest tearDown -->
  <testcase classname="Test.BaseTest" name="@BeforeTest launchBrowser" time="0.0">
    <ignored/>
  </testcase> <!-- @BeforeTest launchBrowser -->
  <testcase classname="Test.BaseTest" name="@BeforeTest launchBrowser" time="0.0">
    <ignored/>
  </testcase> <!-- @BeforeTest launchBrowser -->
  <testcase classname="Test.BaseTest" name="@BeforeTest launchBrowser" time="0.0">
    <ignored/>
  </testcase> <!-- @BeforeTest launchBrowser -->
  <testcase classname="Test.BaseTest" name="@AfterTest tearDown" time="0.0">
    <ignored/>
  </testcase> <!-- @AfterTest tearDown -->
  <testcase classname="Test.BaseTest" name="@BeforeTest launchBrowser" time="0.0">
    <ignored/>
  </testcase> <!-- @BeforeTest launchBrowser -->
  <testcase classname="Test.BaseTest" name="@AfterTest tearDown" time="0.0">
    <ignored/>
  </testcase> <!-- @AfterTest tearDown -->
</testsuite> <!-- Selenium firefox test -->
