<?xml version="1.0" encoding="UTF-8"?>
<!-- Generated by org.testng.reporters.JUnitXMLReporter -->
<testsuite ignored="4" hostname="DESKTOP-UMRB9U3" failures="0" tests="6" name="Selenium Internet Explorer test" time="9.71" errors="0" timestamp="2025-04-28T14:36:45 IST">
  <testcase classname="Test.LunchPageTest" name="launchScreenTitleTest" time="0.001">
    <skipped/>
  </testcase> <!-- launchScreenTitleTest -->
  <testcase classname="Test.LunchPageTest" name="launchScreenMyAccountDropdownOptionsTitleTest" time="0.0">
    <skipped/>
  </testcase> <!-- launchScreenMyAccountDropdownOptionsTitleTest -->
  <testcase classname="Test.LunchPageTest" name="loginScreenNavigationTest" time="0.0">
    <skipped/>
  </testcase> <!-- loginScreenNavigationTest -->
  <testcase classname="Test.LoginPageTest" name="loginTest" time="0.0">
    <skipped/>
  </testcase> <!-- loginTest -->
  <testcase classname="Test.MyAccountScreenTest" name="myAccountSectionLinksTitleTest" time="0.0">
    <skipped/>
  </testcase> <!-- myAccountSectionLinksTitleTest -->
  <testcase classname="Test.MyAccountScreenTest" name="profileScreenToHomeScreenNavigationTest" time="0.0">
    <skipped/>
  </testcase> <!-- profileScreenToHomeScreenNavigationTest -->
  <testcase classname="Test.BaseTest" name="@AfterTest quitBrowser" time="0.0">
    <ignored/>
  </testcase> <!-- @AfterTest quitBrowser -->
  <testcase classname="Test.BaseTest" name="@AfterTest quitBrowser" time="0.0">
    <ignored/>
  </testcase> <!-- @AfterTest quitBrowser -->
  <testcase classname="Test.BaseTest" name="@BeforeTest lunchTheBrowser" time="0.0">
    <ignored/>
  </testcase> <!-- @BeforeTest lunchTheBrowser -->
  <testcase classname="Test.BaseTest" name="@BeforeTest lunchTheBrowser" time="0.0">
    <ignored/>
  </testcase> <!-- @BeforeTest lunchTheBrowser -->
</testsuite> <!-- Selenium Internet Explorer test -->
