<?xml version="1.0" encoding="UTF-8"?>
<!-- Generated by org.testng.reporters.JUnitXMLReporter -->
<testsuite ignored="2" hostname="DESKTOP-UMRB9U3" failures="0" tests="4" name="Selenuium firefox test" time="24.817" errors="0" timestamp="2025-04-28T14:39:29 IST">
  <testcase classname="Test.LunchPageTest" name="launchScreenTitleTest" time="0.104"/>
  <testcase classname="Test.LunchPageTest" name="launchScreenMyAccountDropdownOptionsTitleTest" time="0.524"/>
  <testcase classname="Test.LunchPageTest" name="loginScreenNavigationTest" time="0.666"/>
  <testcase classname="Test.LoginPageTest" name="loginTest" time="1.645"/>
  <testcase classname="Test.BaseTest" name="@AfterTest quitBrowser" time="0.0">
    <ignored/>
  </testcase> <!-- @AfterTest quitBrowser -->
  <testcase classname="Test.BaseTest" name="@BeforeTest lunchTheBrowser" time="0.0">
    <ignored/>
  </testcase> <!-- @BeforeTest lunchTheBrowser -->
</testsuite> <!-- Selenuium firefox test -->
