<?xml version="1.0" encoding="UTF-8"?>
<!-- Generated by org.testng.reporters.JUnitXMLReporter -->
<testsuite ignored="10" hostname="DESKTOP-UMRB9U3" failures="0" tests="17" name="Selenium Internet Explorer test" time="22.879" errors="0" timestamp="2025-06-17T16:14:59 IST">
  <testcase classname="Test.LunchPageTest" name="launchScreenTitleTest" time="0.017"/>
  <testcase classname="Test.LunchPageTest" name="verifySliderActiveImageIsDisplaying" time="2.601"/>
  <testcase classname="Test.LunchPageTest" name="isCurrencyDropdownShown" time="0.062"/>
  <testcase classname="Test.LunchPageTest" name="isCurrenciesAreShown" time="0.972"/>
  <testcase classname="Test.LunchPageTest" name="isTopItemsAreShown" time="0.195"/>
  <testcase classname="Test.LunchPageTest" name="gadgetsAreShown" time="0.298"/>
  <testcase classname="Test.LunchPageTest" name="launchScreenMyAccountDropdownOptionsTitleTest" time="0.502"/>
  <testcase classname="Test.LunchPageTest" name="loginScreenNavigationTest" time="0.915"/>
  <testcase classname="Test.LoginPageTest" name="loginTest" time="2.075"/>
  <testcase classname="Test.MyAccountScreenTest" name="myAccountSectionLinksTitleTest" time="0.567"/>
  <testcase classname="Test.MyAccountScreenTest" name="profileScreenToHomeScreenNavigationTest" time="0.912"/>
  <testcase classname="Test.HomeScreenTest" name="navigationTestToProductDetailsPage" time="2.506"/>
  <testcase classname="Test.ProductDetailsTest" name="productImageLinksStatusCodeTest" time="3.961"/>
  <testcase classname="Test.ProductDetailsTest" name="checkProductIsAddedToWishList" time="0.796"/>
  <testcase classname="Test.ProductDetailsTest" name="navigationTestToWishList" time="0.761"/>
  <testcase classname="Test.WishListPageTest" name="verifySelectedProductIsAddedIntoTheWishlist" time="0.066"/>
  <testcase classname="Test.WishListPageTest" name="verifySelectedProductIsRemovedFromTheWishlist" time="1.147"/>
  <testcase classname="Test.BaseTest" name="@AfterTest tearDown" time="0.0">
    <ignored/>
  </testcase> <!-- @AfterTest tearDown -->
  <testcase classname="Test.BaseTest" name="@AfterTest tearDown" time="0.0">
    <ignored/>
  </testcase> <!-- @AfterTest tearDown -->
  <testcase classname="Test.BaseTest" name="@AfterTest tearDown" time="0.0">
    <ignored/>
  </testcase> <!-- @AfterTest tearDown -->
  <testcase classname="Test.BaseTest" name="@BeforeTest launchBrowser" time="0.0">
    <ignored/>
  </testcase> <!-- @BeforeTest launchBrowser -->
  <testcase classname="Test.BaseTest" name="@BeforeTest launchBrowser" time="0.0">
    <ignored/>
  </testcase> <!-- @BeforeTest launchBrowser -->
  <testcase classname="Test.BaseTest" name="@BeforeTest launchBrowser" time="0.0">
    <ignored/>
  </testcase> <!-- @BeforeTest launchBrowser -->
  <testcase classname="Test.BaseTest" name="@AfterTest tearDown" time="0.0">
    <ignored/>
  </testcase> <!-- @AfterTest tearDown -->
  <testcase classname="Test.BaseTest" name="@BeforeTest launchBrowser" time="0.0">
    <ignored/>
  </testcase> <!-- @BeforeTest launchBrowser -->
  <testcase classname="Test.BaseTest" name="@BeforeTest launchBrowser" time="0.0">
    <ignored/>
  </testcase> <!-- @BeforeTest launchBrowser -->
  <testcase classname="Test.BaseTest" name="@AfterTest tearDown" time="0.0">
    <ignored/>
  </testcase> <!-- @AfterTest tearDown -->
</testsuite> <!-- Selenium Internet Explorer test -->
