<?xml version="1.0" encoding="UTF-8"?>
<!-- Generated by org.testng.reporters.JUnitXMLReporter -->
<testsuite ignored="8" hostname="DESKTOP-UMRB9U3" failures="0" tests="8" name="Nopackage" time="14.733" errors="0" timestamp="2024-12-08T14:52:43 IST">
  <testcase classname="Test.LunchPageTest" name="launchScreenTitleTest" time="0.051"/>
  <testcase classname="Test.LunchPageTest" name="launchScreenMyAccountDropdownOptionsTitleTest" time="0.201"/>
  <testcase classname="Test.LunchPageTest" name="loginScreenNavigationTest" time="0.471"/>
  <testcase classname="Test.LoginPageTest" name="loginTest" time="0.923"/>
  <testcase classname="Test.MyAccountScreenTest" name="myAccountSectionLinksTitleTest" time="0.33"/>
  <testcase classname="Test.MyAccountScreenTest" name="profileScreenToHomeScreenNavigationTest" time="0.508"/>
  <testcase classname="Test.LandingScreenTest" name="productDetailNavigationTest" time="0.944"/>
  <testcase classname="Test.ProductDetailsTest" name="productImageLinksStatusCodeTest" time="2.589"/>
  <testcase classname="Test.BaseTest" name="@AfterTest quitBrowser" time="0.0">
    <ignored/>
  </testcase> <!-- @AfterTest quitBrowser -->
  <testcase classname="Test.BaseTest" name="@AfterTest quitBrowser" time="0.0">
    <ignored/>
  </testcase> <!-- @AfterTest quitBrowser -->
  <testcase classname="Test.BaseTest" name="@BeforeTest lunchTheBrowser" time="0.0">
    <ignored/>
  </testcase> <!-- @BeforeTest lunchTheBrowser -->
  <testcase classname="Test.BaseTest" name="@BeforeTest lunchTheBrowser" time="0.0">
    <ignored/>
  </testcase> <!-- @BeforeTest lunchTheBrowser -->
  <testcase classname="Test.BaseTest" name="@AfterTest quitBrowser" time="0.0">
    <ignored/>
  </testcase> <!-- @AfterTest quitBrowser -->
  <testcase classname="Test.BaseTest" name="@BeforeTest lunchTheBrowser" time="0.0">
    <ignored/>
  </testcase> <!-- @BeforeTest lunchTheBrowser -->
  <testcase classname="Test.BaseTest" name="@AfterTest quitBrowser" time="0.0">
    <ignored/>
  </testcase> <!-- @AfterTest quitBrowser -->
  <testcase classname="Test.BaseTest" name="@BeforeTest lunchTheBrowser" time="0.0">
    <ignored/>
  </testcase> <!-- @BeforeTest lunchTheBrowser -->
</testsuite> <!-- Nopackage -->
