<?xml version="1.0" encoding="UTF-8"?>
<testng-results ignored="0" total="8" passed="8" failed="0" skipped="0">
  <reporter-output>
  </reporter-output>
  <suite started-at="2024-12-08T14:52:28 IST" name="Suite1" finished-at="2024-12-08T14:52:42 IST" duration-ms="14733">
    <groups>
    </groups>
    <test started-at="2024-12-08T14:52:28 IST" name="Nopackage" finished-at="2024-12-08T14:52:42 IST" duration-ms="14733">
      <class name="Test.LoginPageTest">
        <test-method signature="loginTest()[pri:4, instance:Test.LoginPageTest@7bba5817]" started-at="2024-12-08T14:52:36 IST" name="loginTest" finished-at="2024-12-08T14:52:37 IST" duration-ms="923" status="PASS">
          <reporter-output>
          </reporter-output>
        </test-method> <!-- loginTest -->
      </class> <!-- Test.LoginPageTest -->
      <class name="Test.LandingScreenTest">
        <test-method signature="productDetailNavigationTest()[pri:7, instance:Test.LandingScreenTest@75437611]" started-at="2024-12-08T14:52:38 IST" name="productDetailNavigationTest" finished-at="2024-12-08T14:52:39 IST" duration-ms="944" status="PASS">
          <reporter-output>
          </reporter-output>
        </test-method> <!-- productDetailNavigationTest -->
      </class> <!-- Test.LandingScreenTest -->
      <class name="Test.MyAccountScreenTest">
        <test-method signature="myAccountSectionLinksTitleTest()[pri:5, instance:Test.MyAccountScreenTest@742ff096]" started-at="2024-12-08T14:52:37 IST" name="myAccountSectionLinksTitleTest" finished-at="2024-12-08T14:52:37 IST" duration-ms="330" status="PASS">
          <reporter-output>
          </reporter-output>
        </test-method> <!-- myAccountSectionLinksTitleTest -->
        <test-method signature="profileScreenToHomeScreenNavigationTest()[pri:6, instance:Test.MyAccountScreenTest@742ff096]" started-at="2024-12-08T14:52:37 IST" name="profileScreenToHomeScreenNavigationTest" finished-at="2024-12-08T14:52:38 IST" duration-ms="508" status="PASS">
          <reporter-output>
          </reporter-output>
        </test-method> <!-- profileScreenToHomeScreenNavigationTest -->
      </class> <!-- Test.MyAccountScreenTest -->
      <class name="Test.ProductDetailsTest">
        <test-method signature="productImageLinksStatusCodeTest()[pri:8, instance:Test.ProductDetailsTest@350aac89]" started-at="2024-12-08T14:52:39 IST" name="productImageLinksStatusCodeTest" finished-at="2024-12-08T14:52:41 IST" duration-ms="2589" status="PASS">
          <reporter-output>
          </reporter-output>
        </test-method> <!-- productImageLinksStatusCodeTest -->
      </class> <!-- Test.ProductDetailsTest -->
      <class name="Test.LunchPageTest">
        <test-method is-config="true" signature="lunchTheBrowser()[pri:0, instance:Test.LunchPageTest@548d708a]" started-at="2024-12-08T14:52:28 IST" name="lunchTheBrowser" finished-at="2024-12-08T14:52:35 IST" duration-ms="7135" status="PASS">
          <reporter-output>
          </reporter-output>
        </test-method> <!-- lunchTheBrowser -->
        <test-method signature="launchScreenTitleTest()[pri:1, instance:Test.LunchPageTest@548d708a]" started-at="2024-12-08T14:52:35 IST" name="launchScreenTitleTest" finished-at="2024-12-08T14:52:35 IST" duration-ms="51" status="PASS">
          <reporter-output>
          </reporter-output>
        </test-method> <!-- launchScreenTitleTest -->
        <test-method signature="launchScreenMyAccountDropdownOptionsTitleTest()[pri:2, instance:Test.LunchPageTest@548d708a]" started-at="2024-12-08T14:52:35 IST" name="launchScreenMyAccountDropdownOptionsTitleTest" finished-at="2024-12-08T14:52:35 IST" duration-ms="201" status="PASS">
          <reporter-output>
          </reporter-output>
        </test-method> <!-- launchScreenMyAccountDropdownOptionsTitleTest -->
        <test-method signature="loginScreenNavigationTest()[pri:3, instance:Test.LunchPageTest@548d708a]" started-at="2024-12-08T14:52:35 IST" name="loginScreenNavigationTest" finished-at="2024-12-08T14:52:36 IST" duration-ms="471" status="PASS">
          <reporter-output>
          </reporter-output>
        </test-method> <!-- loginScreenNavigationTest -->
        <test-method is-config="true" signature="quitBrowser()[pri:0, instance:Test.LunchPageTest@548d708a]" started-at="2024-12-08T14:52:41 IST" name="quitBrowser" finished-at="2024-12-08T14:52:42 IST" duration-ms="1212" status="PASS">
          <reporter-output>
          </reporter-output>
        </test-method> <!-- quitBrowser -->
      </class> <!-- Test.LunchPageTest -->
    </test> <!-- Nopackage -->
  </suite> <!-- Suite1 -->
</testng-results>
