<?xml version="1.0" encoding="UTF-8"?>
<testng-results ignored="0" total="48" passed="48" failed="0" skipped="0">
  <reporter-output>
  </reporter-output>
  <suite started-at="2025-06-17T12:20:23 IST" name="Suite1" finished-at="2025-06-17T12:21:01 IST" duration-ms="37526">
    <groups>
    </groups>
    <test started-at="2025-06-17T12:20:23 IST" name="Selenium Chrome test" finished-at="2025-06-17T12:20:44 IST" duration-ms="20413">
      <class name="Test.WishListPageTest">
        <test-method signature="verifySelectedProductIsAddedIntoTheWishlist()[pri:15, instance:Test.WishListPageTest@60f00693]" started-at="2025-06-17T12:20:42 IST" name="verifySelectedProductIsAddedIntoTheWishlist" finished-at="2025-06-17T12:20:42 IST" duration-ms="92" status="PASS">
          <reporter-output>
          </reporter-output>
        </test-method> <!-- verifySelectedProductIsAddedIntoTheWishlist -->
        <test-method signature="verifySelectedProductIsRemovedFromTheWishlist()[pri:16, instance:Test.WishListPageTest@60f00693]" started-at="2025-06-17T12:20:42 IST" name="verifySelectedProductIsRemovedFromTheWishlist" finished-at="2025-06-17T12:20:43 IST" duration-ms="1086" status="PASS">
          <reporter-output>
          </reporter-output>
        </test-method> <!-- verifySelectedProductIsRemovedFromTheWishlist -->
      </class> <!-- Test.WishListPageTest -->
      <class name="Test.LoginPageTest">
        <test-method signature="loginTest()[pri:8, instance:Test.LoginPageTest@4d15107f]" started-at="2025-06-17T12:20:33 IST" name="loginTest" finished-at="2025-06-17T12:20:34 IST" duration-ms="775" status="PASS">
          <reporter-output>
          </reporter-output>
        </test-method> <!-- loginTest -->
      </class> <!-- Test.LoginPageTest -->
      <class name="Test.HomeScreenTest">
        <test-method signature="navigationTestToProductDetailsPage()[pri:11, instance:Test.HomeScreenTest@5884a914]" started-at="2025-06-17T12:20:35 IST" name="navigationTestToProductDetailsPage" finished-at="2025-06-17T12:20:36 IST" duration-ms="1149" status="PASS">
          <reporter-output>
          </reporter-output>
        </test-method> <!-- navigationTestToProductDetailsPage -->
      </class> <!-- Test.HomeScreenTest -->
      <class name="Test.MyAccountScreenTest">
        <test-method signature="myAccountSectionLinksTitleTest()[pri:9, instance:Test.MyAccountScreenTest@7b4c50bc]" started-at="2025-06-17T12:20:34 IST" name="myAccountSectionLinksTitleTest" finished-at="2025-06-17T12:20:34 IST" duration-ms="552" status="PASS">
          <reporter-output>
          </reporter-output>
        </test-method> <!-- myAccountSectionLinksTitleTest -->
        <test-method signature="profileScreenToHomeScreenNavigationTest()[pri:10, instance:Test.MyAccountScreenTest@7b4c50bc]" started-at="2025-06-17T12:20:34 IST" name="profileScreenToHomeScreenNavigationTest" finished-at="2025-06-17T12:20:35 IST" duration-ms="742" status="PASS">
          <reporter-output>
          </reporter-output>
        </test-method> <!-- profileScreenToHomeScreenNavigationTest -->
      </class> <!-- Test.MyAccountScreenTest -->
      <class name="Test.ProductDetailsTest">
        <test-method signature="productImageLinksStatusCodeTest()[pri:12, instance:Test.ProductDetailsTest@50378a4]" started-at="2025-06-17T12:20:36 IST" name="productImageLinksStatusCodeTest" finished-at="2025-06-17T12:20:41 IST" duration-ms="4429" status="PASS">
          <reporter-output>
          </reporter-output>
        </test-method> <!-- productImageLinksStatusCodeTest -->
        <test-method signature="checkProductIsAddedToWishList()[pri:13, instance:Test.ProductDetailsTest@50378a4]" started-at="2025-06-17T12:20:41 IST" name="checkProductIsAddedToWishList" finished-at="2025-06-17T12:20:41 IST" duration-ms="320" status="PASS">
          <reporter-output>
          </reporter-output>
        </test-method> <!-- checkProductIsAddedToWishList -->
        <test-method signature="navigationTestToWishList()[pri:14, instance:Test.ProductDetailsTest@50378a4]" started-at="2025-06-17T12:20:41 IST" name="navigationTestToWishList" finished-at="2025-06-17T12:20:42 IST" duration-ms="612" status="PASS">
          <reporter-output>
          </reporter-output>
        </test-method> <!-- navigationTestToWishList -->
      </class> <!-- Test.ProductDetailsTest -->
      <class name="Test.LunchPageTest">
        <test-method is-config="true" signature="launchBrowser(java.lang.String)[pri:0, instance:Test.LunchPageTest@30f842ca]" started-at="2025-06-17T12:20:24 IST" name="launchBrowser" finished-at="2025-06-17T12:20:28 IST" duration-ms="4767" status="PASS">
          <params>
            <param index="0">
              <value>
                <![CDATA[Chrome]]>
              </value>
            </param>
          </params>
          <reporter-output>
          </reporter-output>
        </test-method> <!-- launchBrowser -->
        <test-method signature="launchScreenTitleTest()[pri:1, instance:Test.LunchPageTest@30f842ca]" started-at="2025-06-17T12:20:28 IST" name="launchScreenTitleTest" finished-at="2025-06-17T12:20:29 IST" duration-ms="991" status="PASS">
          <reporter-output>
          </reporter-output>
        </test-method> <!-- launchScreenTitleTest -->
        <test-method signature="isCurrencyDropdownShown()[pri:2, instance:Test.LunchPageTest@30f842ca]" started-at="2025-06-17T12:20:29 IST" name="isCurrencyDropdownShown" finished-at="2025-06-17T12:20:30 IST" duration-ms="282" status="PASS">
          <reporter-output>
          </reporter-output>
        </test-method> <!-- isCurrencyDropdownShown -->
        <test-method signature="isCurrenciesAreShown()[pri:3, instance:Test.LunchPageTest@30f842ca]" started-at="2025-06-17T12:20:30 IST" name="isCurrenciesAreShown" finished-at="2025-06-17T12:20:31 IST" duration-ms="1554" status="PASS">
          <reporter-output>
          </reporter-output>
        </test-method> <!-- isCurrenciesAreShown -->
        <test-method signature="isTopItemsAreShown()[pri:4, instance:Test.LunchPageTest@30f842ca]" started-at="2025-06-17T12:20:31 IST" name="isTopItemsAreShown" finished-at="2025-06-17T12:20:31 IST" duration-ms="216" status="PASS">
          <reporter-output>
          </reporter-output>
        </test-method> <!-- isTopItemsAreShown -->
        <test-method signature="gadgetsAreShown()[pri:5, instance:Test.LunchPageTest@30f842ca]" started-at="2025-06-17T12:20:31 IST" name="gadgetsAreShown" finished-at="2025-06-17T12:20:32 IST" duration-ms="283" status="PASS">
          <reporter-output>
          </reporter-output>
        </test-method> <!-- gadgetsAreShown -->
        <test-method signature="launchScreenMyAccountDropdownOptionsTitleTest()[pri:6, instance:Test.LunchPageTest@30f842ca]" started-at="2025-06-17T12:20:32 IST" name="launchScreenMyAccountDropdownOptionsTitleTest" finished-at="2025-06-17T12:20:32 IST" duration-ms="410" status="PASS">
          <reporter-output>
          </reporter-output>
        </test-method> <!-- launchScreenMyAccountDropdownOptionsTitleTest -->
        <test-method signature="loginScreenNavigationTest()[pri:7, instance:Test.LunchPageTest@30f842ca]" started-at="2025-06-17T12:20:32 IST" name="loginScreenNavigationTest" finished-at="2025-06-17T12:20:33 IST" duration-ms="792" status="PASS">
          <reporter-output>
          </reporter-output>
        </test-method> <!-- loginScreenNavigationTest -->
        <test-method is-config="true" signature="tearDown()[pri:0, instance:Test.LunchPageTest@30f842ca]" started-at="2025-06-17T12:20:43 IST" name="tearDown" finished-at="2025-06-17T12:20:44 IST" duration-ms="806" status="PASS">
          <reporter-output>
          </reporter-output>
        </test-method> <!-- tearDown -->
      </class> <!-- Test.LunchPageTest -->
    </test> <!-- Selenium Chrome test -->
    <test started-at="2025-06-17T12:20:23 IST" name="Selenium firefox test" finished-at="2025-06-17T12:20:52 IST" duration-ms="28603">
      <class name="Test.WishListPageTest">
        <test-method signature="verifySelectedProductIsAddedIntoTheWishlist()[pri:15, instance:Test.WishListPageTest@6e2aa843]" started-at="2025-06-17T12:20:48 IST" name="verifySelectedProductIsAddedIntoTheWishlist" finished-at="2025-06-17T12:20:48 IST" duration-ms="77" status="PASS">
          <reporter-output>
          </reporter-output>
        </test-method> <!-- verifySelectedProductIsAddedIntoTheWishlist -->
        <test-method signature="verifySelectedProductIsRemovedFromTheWishlist()[pri:16, instance:Test.WishListPageTest@6e2aa843]" started-at="2025-06-17T12:20:48 IST" name="verifySelectedProductIsRemovedFromTheWishlist" finished-at="2025-06-17T12:20:48 IST" duration-ms="860" status="PASS">
          <reporter-output>
          </reporter-output>
        </test-method> <!-- verifySelectedProductIsRemovedFromTheWishlist -->
      </class> <!-- Test.WishListPageTest -->
      <class name="Test.LoginPageTest">
        <test-method signature="loginTest()[pri:8, instance:Test.LoginPageTest@45385f75]" started-at="2025-06-17T12:20:41 IST" name="loginTest" finished-at="2025-06-17T12:20:41 IST" duration-ms="748" status="PASS">
          <reporter-output>
          </reporter-output>
        </test-method> <!-- loginTest -->
      </class> <!-- Test.LoginPageTest -->
      <class name="Test.HomeScreenTest">
        <test-method signature="navigationTestToProductDetailsPage()[pri:11, instance:Test.HomeScreenTest@2d29b4ee]" started-at="2025-06-17T12:20:43 IST" name="navigationTestToProductDetailsPage" finished-at="2025-06-17T12:20:44 IST" duration-ms="1025" status="PASS">
          <reporter-output>
          </reporter-output>
        </test-method> <!-- navigationTestToProductDetailsPage -->
      </class> <!-- Test.HomeScreenTest -->
      <class name="Test.MyAccountScreenTest">
        <test-method signature="myAccountSectionLinksTitleTest()[pri:9, instance:Test.MyAccountScreenTest@49c90a9c]" started-at="2025-06-17T12:20:41 IST" name="myAccountSectionLinksTitleTest" finished-at="2025-06-17T12:20:42 IST" duration-ms="864" status="PASS">
          <reporter-output>
          </reporter-output>
        </test-method> <!-- myAccountSectionLinksTitleTest -->
        <test-method signature="profileScreenToHomeScreenNavigationTest()[pri:10, instance:Test.MyAccountScreenTest@49c90a9c]" started-at="2025-06-17T12:20:42 IST" name="profileScreenToHomeScreenNavigationTest" finished-at="2025-06-17T12:20:43 IST" duration-ms="656" status="PASS">
          <reporter-output>
          </reporter-output>
        </test-method> <!-- profileScreenToHomeScreenNavigationTest -->
      </class> <!-- Test.MyAccountScreenTest -->
      <class name="Test.ProductDetailsTest">
        <test-method signature="productImageLinksStatusCodeTest()[pri:12, instance:Test.ProductDetailsTest@69ee81fc]" started-at="2025-06-17T12:20:44 IST" name="productImageLinksStatusCodeTest" finished-at="2025-06-17T12:20:46 IST" duration-ms="1986" status="PASS">
          <reporter-output>
          </reporter-output>
        </test-method> <!-- productImageLinksStatusCodeTest -->
        <test-method signature="checkProductIsAddedToWishList()[pri:13, instance:Test.ProductDetailsTest@69ee81fc]" started-at="2025-06-17T12:20:46 IST" name="checkProductIsAddedToWishList" finished-at="2025-06-17T12:20:47 IST" duration-ms="785" status="PASS">
          <reporter-output>
          </reporter-output>
        </test-method> <!-- checkProductIsAddedToWishList -->
        <test-method signature="navigationTestToWishList()[pri:14, instance:Test.ProductDetailsTest@69ee81fc]" started-at="2025-06-17T12:20:47 IST" name="navigationTestToWishList" finished-at="2025-06-17T12:20:47 IST" duration-ms="779" status="PASS">
          <reporter-output>
          </reporter-output>
        </test-method> <!-- navigationTestToWishList -->
      </class> <!-- Test.ProductDetailsTest -->
      <class name="Test.LunchPageTest">
        <test-method is-config="true" signature="launchBrowser(java.lang.String)[pri:0, instance:Test.LunchPageTest@1c9b0314]" started-at="2025-06-17T12:20:24 IST" name="launchBrowser" finished-at="2025-06-17T12:20:39 IST" duration-ms="15245" status="PASS">
          <params>
            <param index="0">
              <value>
                <![CDATA[Firefox]]>
              </value>
            </param>
          </params>
          <reporter-output>
          </reporter-output>
        </test-method> <!-- launchBrowser -->
        <test-method signature="launchScreenTitleTest()[pri:1, instance:Test.LunchPageTest@1c9b0314]" started-at="2025-06-17T12:20:39 IST" name="launchScreenTitleTest" finished-at="2025-06-17T12:20:39 IST" duration-ms="84" status="PASS">
          <reporter-output>
          </reporter-output>
        </test-method> <!-- launchScreenTitleTest -->
        <test-method signature="isCurrencyDropdownShown()[pri:2, instance:Test.LunchPageTest@1c9b0314]" started-at="2025-06-17T12:20:39 IST" name="isCurrencyDropdownShown" finished-at="2025-06-17T12:20:39 IST" duration-ms="167" status="PASS">
          <reporter-output>
          </reporter-output>
        </test-method> <!-- isCurrencyDropdownShown -->
        <test-method signature="isCurrenciesAreShown()[pri:3, instance:Test.LunchPageTest@1c9b0314]" started-at="2025-06-17T12:20:39 IST" name="isCurrenciesAreShown" finished-at="2025-06-17T12:20:40 IST" duration-ms="743" status="PASS">
          <reporter-output>
          </reporter-output>
        </test-method> <!-- isCurrenciesAreShown -->
        <test-method signature="isTopItemsAreShown()[pri:4, instance:Test.LunchPageTest@1c9b0314]" started-at="2025-06-17T12:20:40 IST" name="isTopItemsAreShown" finished-at="2025-06-17T12:20:40 IST" duration-ms="51" status="PASS">
          <reporter-output>
          </reporter-output>
        </test-method> <!-- isTopItemsAreShown -->
        <test-method signature="gadgetsAreShown()[pri:5, instance:Test.LunchPageTest@1c9b0314]" started-at="2025-06-17T12:20:40 IST" name="gadgetsAreShown" finished-at="2025-06-17T12:20:40 IST" duration-ms="88" status="PASS">
          <reporter-output>
          </reporter-output>
        </test-method> <!-- gadgetsAreShown -->
        <test-method signature="launchScreenMyAccountDropdownOptionsTitleTest()[pri:6, instance:Test.LunchPageTest@1c9b0314]" started-at="2025-06-17T12:20:40 IST" name="launchScreenMyAccountDropdownOptionsTitleTest" finished-at="2025-06-17T12:20:40 IST" duration-ms="287" status="PASS">
          <reporter-output>
          </reporter-output>
        </test-method> <!-- launchScreenMyAccountDropdownOptionsTitleTest -->
        <test-method signature="loginScreenNavigationTest()[pri:7, instance:Test.LunchPageTest@1c9b0314]" started-at="2025-06-17T12:20:40 IST" name="loginScreenNavigationTest" finished-at="2025-06-17T12:20:41 IST" duration-ms="330" status="PASS">
          <reporter-output>
          </reporter-output>
        </test-method> <!-- loginScreenNavigationTest -->
        <test-method is-config="true" signature="tearDown()[pri:0, instance:Test.LunchPageTest@1c9b0314]" started-at="2025-06-17T12:20:48 IST" name="tearDown" finished-at="2025-06-17T12:20:52 IST" duration-ms="3331" status="PASS">
          <reporter-output>
          </reporter-output>
        </test-method> <!-- tearDown -->
      </class> <!-- Test.LunchPageTest -->
    </test> <!-- Selenium firefox test -->
    <test started-at="2025-06-17T12:20:45 IST" name="Selenium Internet Explorer test" finished-at="2025-06-17T12:21:01 IST" duration-ms="15985">
      <class name="Test.WishListPageTest">
        <test-method signature="verifySelectedProductIsAddedIntoTheWishlist()[pri:15, instance:Test.WishListPageTest@9816741]" started-at="2025-06-17T12:20:58 IST" name="verifySelectedProductIsAddedIntoTheWishlist" finished-at="2025-06-17T12:20:58 IST" duration-ms="59" status="PASS">
          <reporter-output>
          </reporter-output>
        </test-method> <!-- verifySelectedProductIsAddedIntoTheWishlist -->
        <test-method signature="verifySelectedProductIsRemovedFromTheWishlist()[pri:16, instance:Test.WishListPageTest@9816741]" started-at="2025-06-17T12:20:58 IST" name="verifySelectedProductIsRemovedFromTheWishlist" finished-at="2025-06-17T12:20:59 IST" duration-ms="654" status="PASS">
          <reporter-output>
          </reporter-output>
        </test-method> <!-- verifySelectedProductIsRemovedFromTheWishlist -->
      </class> <!-- Test.WishListPageTest -->
      <class name="Test.LoginPageTest">
        <test-method signature="loginTest()[pri:8, instance:Test.LoginPageTest@1224144a]" started-at="2025-06-17T12:20:52 IST" name="loginTest" finished-at="2025-06-17T12:20:53 IST" duration-ms="955" status="PASS">
          <reporter-output>
          </reporter-output>
        </test-method> <!-- loginTest -->
      </class> <!-- Test.LoginPageTest -->
      <class name="Test.HomeScreenTest">
        <test-method signature="navigationTestToProductDetailsPage()[pri:11, instance:Test.HomeScreenTest@700fb871]" started-at="2025-06-17T12:20:54 IST" name="navigationTestToProductDetailsPage" finished-at="2025-06-17T12:20:55 IST" duration-ms="698" status="PASS">
          <reporter-output>
          </reporter-output>
        </test-method> <!-- navigationTestToProductDetailsPage -->
      </class> <!-- Test.HomeScreenTest -->
      <class name="Test.MyAccountScreenTest">
        <test-method signature="myAccountSectionLinksTitleTest()[pri:9, instance:Test.MyAccountScreenTest@29f7cefd]" started-at="2025-06-17T12:20:53 IST" name="myAccountSectionLinksTitleTest" finished-at="2025-06-17T12:20:54 IST" duration-ms="579" status="PASS">
          <reporter-output>
          </reporter-output>
        </test-method> <!-- myAccountSectionLinksTitleTest -->
        <test-method signature="profileScreenToHomeScreenNavigationTest()[pri:10, instance:Test.MyAccountScreenTest@29f7cefd]" started-at="2025-06-17T12:20:54 IST" name="profileScreenToHomeScreenNavigationTest" finished-at="2025-06-17T12:20:54 IST" duration-ms="573" status="PASS">
          <reporter-output>
          </reporter-output>
        </test-method> <!-- profileScreenToHomeScreenNavigationTest -->
      </class> <!-- Test.MyAccountScreenTest -->
      <class name="Test.ProductDetailsTest">
        <test-method signature="productImageLinksStatusCodeTest()[pri:12, instance:Test.ProductDetailsTest@3b35a229]" started-at="2025-06-17T12:20:55 IST" name="productImageLinksStatusCodeTest" finished-at="2025-06-17T12:20:57 IST" duration-ms="2630" status="PASS">
          <reporter-output>
          </reporter-output>
        </test-method> <!-- productImageLinksStatusCodeTest -->
        <test-method signature="checkProductIsAddedToWishList()[pri:13, instance:Test.ProductDetailsTest@3b35a229]" started-at="2025-06-17T12:20:57 IST" name="checkProductIsAddedToWishList" finished-at="2025-06-17T12:20:58 IST" duration-ms="290" status="PASS">
          <reporter-output>
          </reporter-output>
        </test-method> <!-- checkProductIsAddedToWishList -->
        <test-method signature="navigationTestToWishList()[pri:14, instance:Test.ProductDetailsTest@3b35a229]" started-at="2025-06-17T12:20:58 IST" name="navigationTestToWishList" finished-at="2025-06-17T12:20:58 IST" duration-ms="451" status="PASS">
          <reporter-output>
          </reporter-output>
        </test-method> <!-- navigationTestToWishList -->
      </class> <!-- Test.ProductDetailsTest -->
      <class name="Test.LunchPageTest">
        <test-method is-config="true" signature="launchBrowser(java.lang.String)[pri:0, instance:Test.LunchPageTest@f58853c]" started-at="2025-06-17T12:20:45 IST" name="launchBrowser" finished-at="2025-06-17T12:20:49 IST" duration-ms="4149" status="PASS">
          <params>
            <param index="0">
              <value>
                <![CDATA[Internet Explorer]]>
              </value>
            </param>
          </params>
          <reporter-output>
          </reporter-output>
        </test-method> <!-- launchBrowser -->
        <test-method signature="launchScreenTitleTest()[pri:1, instance:Test.LunchPageTest@f58853c]" started-at="2025-06-17T12:20:49 IST" name="launchScreenTitleTest" finished-at="2025-06-17T12:20:49 IST" duration-ms="509" status="PASS">
          <reporter-output>
          </reporter-output>
        </test-method> <!-- launchScreenTitleTest -->
        <test-method signature="isCurrencyDropdownShown()[pri:2, instance:Test.LunchPageTest@f58853c]" started-at="2025-06-17T12:20:49 IST" name="isCurrencyDropdownShown" finished-at="2025-06-17T12:20:50 IST" duration-ms="220" status="PASS">
          <reporter-output>
          </reporter-output>
        </test-method> <!-- isCurrencyDropdownShown -->
        <test-method signature="isCurrenciesAreShown()[pri:3, instance:Test.LunchPageTest@f58853c]" started-at="2025-06-17T12:20:50 IST" name="isCurrenciesAreShown" finished-at="2025-06-17T12:20:50 IST" duration-ms="573" status="PASS">
          <reporter-output>
          </reporter-output>
        </test-method> <!-- isCurrenciesAreShown -->
        <test-method signature="isTopItemsAreShown()[pri:4, instance:Test.LunchPageTest@f58853c]" started-at="2025-06-17T12:20:50 IST" name="isTopItemsAreShown" finished-at="2025-06-17T12:20:50 IST" duration-ms="226" status="PASS">
          <reporter-output>
          </reporter-output>
        </test-method> <!-- isTopItemsAreShown -->
        <test-method signature="gadgetsAreShown()[pri:5, instance:Test.LunchPageTest@f58853c]" started-at="2025-06-17T12:20:50 IST" name="gadgetsAreShown" finished-at="2025-06-17T12:20:51 IST" duration-ms="459" status="PASS">
          <reporter-output>
          </reporter-output>
        </test-method> <!-- gadgetsAreShown -->
        <test-method signature="launchScreenMyAccountDropdownOptionsTitleTest()[pri:6, instance:Test.LunchPageTest@f58853c]" started-at="2025-06-17T12:20:51 IST" name="launchScreenMyAccountDropdownOptionsTitleTest" finished-at="2025-06-17T12:20:51 IST" duration-ms="510" status="PASS">
          <reporter-output>
          </reporter-output>
        </test-method> <!-- launchScreenMyAccountDropdownOptionsTitleTest -->
        <test-method signature="loginScreenNavigationTest()[pri:7, instance:Test.LunchPageTest@f58853c]" started-at="2025-06-17T12:20:51 IST" name="loginScreenNavigationTest" finished-at="2025-06-17T12:20:52 IST" duration-ms="588" status="PASS">
          <reporter-output>
          </reporter-output>
        </test-method> <!-- loginScreenNavigationTest -->
        <test-method is-config="true" signature="tearDown()[pri:0, instance:Test.LunchPageTest@f58853c]" started-at="2025-06-17T12:20:59 IST" name="tearDown" finished-at="2025-06-17T12:21:01 IST" duration-ms="1803" status="PASS">
          <reporter-output>
          </reporter-output>
        </test-method> <!-- tearDown -->
      </class> <!-- Test.LunchPageTest -->
    </test> <!-- Selenium Internet Explorer test -->
  </suite> <!-- Suite1 -->
</testng-results>
